14:52:49 **** Incremental Build of configuration Debug for project myServer ****
make all 
make: Nothing to be done for `all'.
14:18:26 **** Clean-only build of configuration Debug for project ConnectorTest ****
make clean 
rm -rf  ./LConnectorTest.o ./LMainTest.o ./LMyErrorRecorder.o  ./LConnectorTest.d ./LMainTest.d ./LMyErrorRecorder.d  ConnectorTest_Debug
 
14:18:26 **** Clean-only build of configuration Debug for project DBLib ****
make clean 
rm -rf  ./XDBBase.o ./XMySqlConnector.o ./XSqlServerConnector.o  ./XDBBase.d ./XMySqlConnector.d ./XSqlServerConnector.d  libDBLib_Debug.a
 
14:18:27 **** Clean-only build of configuration Debug for project DBLibTest ****
make clean 
rm -rf  ./main.o  ./main.d  DBLibTest_Debug
 
14:18:27 **** Clean-only build of configuration Debug for project NetWork ****
make clean 
rm -rf  ./InfoRecorder/LInfoRecorderBase.o  ./CRC32.o ./LAcceptThread.o ./LAutoReleaseMutex.o ./LCloseSocketThread.o ./LConnector.o ./LEpollThread.o ./LEpollThreadManager.o ./LFixLenCircleBuf.o ./LIniFileReadAndWrite.o ./LListenSocket.o ./LNetWorkConfigFileProcessor.o ./LNetWorkServices.o ./LPacketBase.o ./LPacketPoolManager.o ./LPacketSingle.o ./LRecvThread.o ./LRecvThreadManager.o ./LSendThread.o ./LSendThreadManager.o ./LServerBaseNetWork.o ./LSession.o ./LSessionManager.o ./LSocket.o ./LThreadBase.o ./LVarLenCircleBuf.o  ./InfoRecorder/LInfoRecorderBase.d  ./CRC32.d ./LAcceptThread.d ./LAutoReleaseMutex.d ./LCloseSocketThread.d ./LConnector.d ./LEpollThread.d ./LEpollThreadManager.d ./LFixLenCircleBuf.d ./LIniFileReadAndWrite.d ./LListenSocket.d ./LNetWorkConfigFileProcessor.d ./LNetWorkServices.d ./LPacketBase.d ./LPacketPoolManager.d ./LPacketSingle.d ./LRecvThread.d ./LRecvThreadManager.d ./LSendThread.d ./LSendThreadManager.d ./LServerBaseNetWork.d ./LSession.d ./LSessionManager.d ./LSocket.d ./LThreadBase.d ./LVarLenCircleBuf.d  libNetWork_Debug.a
 
14:18:27 **** Clean-only build of configuration Debug for project NetWorkTest ****
make clean 
rm -rf  ./LMainLogicBroadCast.o ./LMainTest.o ./LMyErrorRecorder.o  ./LMainLogicBroadCast.d ./LMainTest.d ./LMyErrorRecorder.d  NetWorkTest_Debug
 
14:18:27 **** Clean-only build of configuration Debug for project myServer ****
make clean 
rm -rf  ./LMainLogicBroadCast.o ./LMainTest.o ./LMyErrorRecorder.o  ./LMainLogicBroadCast.d ./LMainTest.d ./LMyErrorRecorder.d  myServer_Debug
 
14:18:27 **** Clean-only build of configuration Debug for project singleconnector ****
make clean 
rm -rf  ./ConnectorThread.o ./LMainTest.o  ./ConnectorThread.d ./LMainTest.d  singleconnector_Debug
 
